<?xml version="1.0" encoding="UTF-8"?>
<testsuite name="AppTest" tests="1" skipped="0" failures="0" errors="0" timestamp="2018-05-04T18:41:18" hostname="cdempsey-MBP.fios-router.home" time="0.009">
  <properties/>
  <testcase name="testAppHasAGreeting" classname="AppTest" time="0.009"/>
  <system-out><![CDATA[]]></system-out>
  <system-err><![CDATA[]]></system-err>
</testsuite>
